<?xml version="1.0" encoding="UTF-8"?>
<testsuite name="is.ru.stringcalculator.CalculatorTest" tests="4" skipped="0" failures="0" errors="0" timestamp="2017-10-15T18:53:04" hostname="Alexander-PC" time="0.007">
  <properties/>
  <testcase name="testMultipleNumber" classname="is.ru.stringcalculator.CalculatorTest" time="0.005"/>
  <testcase name="testTwoNumber" classname="is.ru.stringcalculator.CalculatorTest" time="0.0"/>
  <testcase name="testEmptyString" classname="is.ru.stringcalculator.CalculatorTest" time="0.0"/>
  <testcase name="testOneNumber" classname="is.ru.stringcalculator.CalculatorTest" time="0.001"/>
  <system-out><![CDATA[]]></system-out>
  <system-err><![CDATA[]]></system-err>
</testsuite>
