<?xml version="1.0" encoding="UTF-8"?>
<testsuite name="is.ru.stringcalculator.CalculatorTest" tests="6" skipped="0" failures="0" errors="0" timestamp="2017-10-15T21:58:53" hostname="Alexander-PC" time="0.007">
  <properties/>
  <testcase name="testMultipleNumber" classname="is.ru.stringcalculator.CalculatorTest" time="0.003"/>
  <testcase name="testTwoNumber" classname="is.ru.stringcalculator.CalculatorTest" time="0.0"/>
  <testcase name="testEmptyString" classname="is.ru.stringcalculator.CalculatorTest" time="0.0"/>
  <testcase name="testNewLine" classname="is.ru.stringcalculator.CalculatorTest" time="0.0"/>
  <testcase name="testNegativeNumbers" classname="is.ru.stringcalculator.CalculatorTest" time="0.0"/>
  <testcase name="testOneNumber" classname="is.ru.stringcalculator.CalculatorTest" time="0.0"/>
  <system-out><![CDATA[]]></system-out>
  <system-err><![CDATA[]]></system-err>
</testsuite>
